{"C:\\Users\\kben\\Documents\\jitu\\1. Final Project Jitu\\linkUp backend\\src\\Config\\config.js": {"path":"C:\\Users\\kben\\Documents\\jitu\\1. Final Project Jitu\\linkUp backend\\src\\Config\\config.js","all":false,"statementMap":{"0":{"start":{"line":1,"column":0},"end":{"line":1,"column":31}},"1":{"start":{"line":2,"column":0},"end":{"line":2,"column":32}},"2":{"start":{"line":3,"column":0},"end":{"line":3,"column":0}},"3":{"start":{"line":4,"column":0},"end":{"line":4,"column":15}},"4":{"start":{"line":5,"column":0},"end":{"line":5,"column":0}},"5":{"start":{"line":6,"column":0},"end":{"line":6,"column":19}},"6":{"start":{"line":7,"column":0},"end":{"line":7,"column":30}},"7":{"start":{"line":8,"column":0},"end":{"line":8,"column":33}},"8":{"start":{"line":9,"column":0},"end":{"line":9,"column":34}},"9":{"start":{"line":10,"column":0},"end":{"line":10,"column":42}},"10":{"start":{"line":11,"column":0},"end":{"line":11,"column":11}},"11":{"start":{"line":12,"column":0},"end":{"line":12,"column":16}},"12":{"start":{"line":13,"column":0},"end":{"line":13,"column":15}},"13":{"start":{"line":14,"column":0},"end":{"line":14,"column":32}},"14":{"start":{"line":15,"column":0},"end":{"line":15,"column":6}},"15":{"start":{"line":16,"column":0},"end":{"line":16,"column":14}},"16":{"start":{"line":17,"column":0},"end":{"line":17,"column":23}},"17":{"start":{"line":18,"column":0},"end":{"line":18,"column":38}},"18":{"start":{"line":19,"column":0},"end":{"line":19,"column":5}},"19":{"start":{"line":20,"column":0},"end":{"line":20,"column":1}},"20":{"start":{"line":21,"column":0},"end":{"line":21,"column":0}},"21":{"start":{"line":22,"column":0},"end":{"line":22,"column":0}},"22":{"start":{"line":23,"column":0},"end":{"line":23,"column":0}},"23":{"start":{"line":24,"column":0},"end":{"line":24,"column":84}},"24":{"start":{"line":25,"column":0},"end":{"line":25,"column":0}},"25":{"start":{"line":26,"column":0},"end":{"line":26,"column":24}},"26":{"start":{"line":27,"column":0},"end":{"line":27,"column":17}},"27":{"start":{"line":28,"column":0},"end":{"line":28,"column":25}},"28":{"start":{"line":29,"column":0},"end":{"line":29,"column":53}},"29":{"start":{"line":30,"column":0},"end":{"line":30,"column":5}},"30":{"start":{"line":31,"column":0},"end":{"line":31,"column":4}},"31":{"start":{"line":32,"column":0},"end":{"line":32,"column":17}},"32":{"start":{"line":33,"column":0},"end":{"line":33,"column":66}},"33":{"start":{"line":34,"column":0},"end":{"line":34,"column":5}},"34":{"start":{"line":35,"column":0},"end":{"line":35,"column":0}},"35":{"start":{"line":36,"column":0},"end":{"line":36,"column":0}},"36":{"start":{"line":37,"column":0},"end":{"line":37,"column":20}},"37":{"start":{"line":38,"column":0},"end":{"line":38,"column":13}},"38":{"start":{"line":39,"column":0},"end":{"line":39,"column":3}}},"s":{"0":1,"1":1,"2":1,"3":1,"4":1,"5":1,"6":1,"7":1,"8":1,"9":1,"10":1,"11":1,"12":1,"13":1,"14":1,"15":1,"16":1,"17":1,"18":1,"19":1,"20":1,"21":1,"22":1,"23":1,"24":1,"25":1,"26":1,"27":0,"28":0,"29":0,"30":0,"31":1,"32":0,"33":1,"34":1,"35":1,"36":1,"37":1,"38":1},"branchMap":{},"b":{},"fnMap":{},"f":{}}
,"C:\\Users\\kben\\Documents\\jitu\\1. Final Project Jitu\\linkUp backend\\src\\Controllers\\postsController.js": {"path":"C:\\Users\\kben\\Documents\\jitu\\1. Final Project Jitu\\linkUp backend\\src\\Controllers\\postsController.js","all":false,"statementMap":{"0":{"start":{"line":1,"column":0},"end":{"line":1,"column":29}},"1":{"start":{"line":2,"column":0},"end":{"line":2,"column":32}},"2":{"start":{"line":3,"column":0},"end":{"line":3,"column":0}},"3":{"start":{"line":4,"column":0},"end":{"line":4,"column":78}},"4":{"start":{"line":5,"column":0},"end":{"line":5,"column":50}},"5":{"start":{"line":6,"column":0},"end":{"line":6,"column":36}},"6":{"start":{"line":7,"column":0},"end":{"line":7,"column":28}},"7":{"start":{"line":8,"column":0},"end":{"line":8,"column":0}},"8":{"start":{"line":9,"column":0},"end":{"line":9,"column":0}},"9":{"start":{"line":10,"column":0},"end":{"line":10,"column":0}},"10":{"start":{"line":11,"column":0},"end":{"line":11,"column":111}},"11":{"start":{"line":12,"column":0},"end":{"line":12,"column":0}},"12":{"start":{"line":13,"column":0},"end":{"line":13,"column":0}},"13":{"start":{"line":14,"column":0},"end":{"line":14,"column":0}},"14":{"start":{"line":15,"column":0},"end":{"line":15,"column":53}},"15":{"start":{"line":16,"column":0},"end":{"line":16,"column":0}},"16":{"start":{"line":17,"column":0},"end":{"line":17,"column":0}},"17":{"start":{"line":18,"column":0},"end":{"line":18,"column":14}},"18":{"start":{"line":19,"column":0},"end":{"line":19,"column":0}},"19":{"start":{"line":20,"column":0},"end":{"line":20,"column":0}},"20":{"start":{"line":21,"column":0},"end":{"line":21,"column":14}},"21":{"start":{"line":22,"column":0},"end":{"line":22,"column":0}},"22":{"start":{"line":23,"column":0},"end":{"line":23,"column":0}},"23":{"start":{"line":24,"column":0},"end":{"line":24,"column":48}},"24":{"start":{"line":25,"column":0},"end":{"line":25,"column":0}},"25":{"start":{"line":26,"column":0},"end":{"line":26,"column":0}},"26":{"start":{"line":27,"column":0},"end":{"line":27,"column":40}},"27":{"start":{"line":28,"column":0},"end":{"line":28,"column":0}},"28":{"start":{"line":29,"column":0},"end":{"line":29,"column":0}},"29":{"start":{"line":30,"column":0},"end":{"line":30,"column":21}},"30":{"start":{"line":31,"column":0},"end":{"line":31,"column":0}},"31":{"start":{"line":32,"column":0},"end":{"line":32,"column":0}},"32":{"start":{"line":33,"column":0},"end":{"line":33,"column":105}},"33":{"start":{"line":34,"column":0},"end":{"line":34,"column":0}},"34":{"start":{"line":35,"column":0},"end":{"line":35,"column":0}},"35":{"start":{"line":36,"column":0},"end":{"line":36,"column":26}},"36":{"start":{"line":37,"column":0},"end":{"line":37,"column":0}},"37":{"start":{"line":38,"column":0},"end":{"line":38,"column":0}},"38":{"start":{"line":39,"column":0},"end":{"line":39,"column":26}},"39":{"start":{"line":40,"column":0},"end":{"line":40,"column":0}},"40":{"start":{"line":41,"column":0},"end":{"line":41,"column":0}},"41":{"start":{"line":42,"column":0},"end":{"line":42,"column":17}},"42":{"start":{"line":43,"column":0},"end":{"line":43,"column":0}},"43":{"start":{"line":44,"column":0},"end":{"line":44,"column":0}},"44":{"start":{"line":45,"column":0},"end":{"line":45,"column":0}},"45":{"start":{"line":46,"column":0},"end":{"line":46,"column":0}},"46":{"start":{"line":47,"column":0},"end":{"line":47,"column":20}},"47":{"start":{"line":48,"column":0},"end":{"line":48,"column":0}},"48":{"start":{"line":49,"column":0},"end":{"line":49,"column":0}},"49":{"start":{"line":50,"column":0},"end":{"line":50,"column":0}},"50":{"start":{"line":51,"column":0},"end":{"line":51,"column":40}},"51":{"start":{"line":52,"column":0},"end":{"line":52,"column":9}},"52":{"start":{"line":53,"column":0},"end":{"line":53,"column":24}},"53":{"start":{"line":54,"column":0},"end":{"line":54,"column":55}},"54":{"start":{"line":55,"column":0},"end":{"line":55,"column":71}},"55":{"start":{"line":56,"column":0},"end":{"line":56,"column":8}},"56":{"start":{"line":57,"column":0},"end":{"line":57,"column":52}},"57":{"start":{"line":58,"column":0},"end":{"line":58,"column":32}},"58":{"start":{"line":59,"column":0},"end":{"line":59,"column":0}},"59":{"start":{"line":60,"column":0},"end":{"line":60,"column":47}},"60":{"start":{"line":61,"column":0},"end":{"line":61,"column":37}},"61":{"start":{"line":62,"column":0},"end":{"line":62,"column":76}},"62":{"start":{"line":63,"column":0},"end":{"line":63,"column":9}},"63":{"start":{"line":64,"column":0},"end":{"line":64,"column":0}},"64":{"start":{"line":65,"column":0},"end":{"line":65,"column":51}},"65":{"start":{"line":66,"column":0},"end":{"line":66,"column":0}},"66":{"start":{"line":67,"column":0},"end":{"line":67,"column":0}},"67":{"start":{"line":68,"column":0},"end":{"line":68,"column":0}},"68":{"start":{"line":69,"column":0},"end":{"line":69,"column":27}},"69":{"start":{"line":70,"column":0},"end":{"line":70,"column":47}},"70":{"start":{"line":71,"column":0},"end":{"line":71,"column":52}},"71":{"start":{"line":72,"column":0},"end":{"line":72,"column":47}},"72":{"start":{"line":73,"column":0},"end":{"line":73,"column":48}},"73":{"start":{"line":74,"column":0},"end":{"line":74,"column":47}},"74":{"start":{"line":75,"column":0},"end":{"line":75,"column":51}},"75":{"start":{"line":76,"column":0},"end":{"line":76,"column":58}},"76":{"start":{"line":77,"column":0},"end":{"line":77,"column":38}},"77":{"start":{"line":78,"column":0},"end":{"line":78,"column":12}},"78":{"start":{"line":79,"column":0},"end":{"line":79,"column":0}},"79":{"start":{"line":80,"column":0},"end":{"line":80,"column":39}},"80":{"start":{"line":81,"column":0},"end":{"line":81,"column":33}},"81":{"start":{"line":82,"column":0},"end":{"line":82,"column":50}},"82":{"start":{"line":83,"column":0},"end":{"line":83,"column":18}},"83":{"start":{"line":84,"column":0},"end":{"line":84,"column":18}},"84":{"start":{"line":85,"column":0},"end":{"line":85,"column":60}},"85":{"start":{"line":86,"column":0},"end":{"line":86,"column":13}},"86":{"start":{"line":87,"column":0},"end":{"line":87,"column":0}},"87":{"start":{"line":88,"column":0},"end":{"line":88,"column":9}},"88":{"start":{"line":89,"column":0},"end":{"line":89,"column":8}},"89":{"start":{"line":90,"column":0},"end":{"line":90,"column":21}},"90":{"start":{"line":91,"column":0},"end":{"line":91,"column":32}},"91":{"start":{"line":92,"column":0},"end":{"line":92,"column":5}},"92":{"start":{"line":93,"column":0},"end":{"line":93,"column":1}},"93":{"start":{"line":94,"column":0},"end":{"line":94,"column":0}},"94":{"start":{"line":95,"column":0},"end":{"line":95,"column":0}},"95":{"start":{"line":96,"column":0},"end":{"line":96,"column":0}},"96":{"start":{"line":97,"column":0},"end":{"line":97,"column":0}},"97":{"start":{"line":98,"column":0},"end":{"line":98,"column":14}},"98":{"start":{"line":99,"column":0},"end":{"line":99,"column":35}},"99":{"start":{"line":100,"column":0},"end":{"line":100,"column":17}},"100":{"start":{"line":101,"column":0},"end":{"line":101,"column":54}},"101":{"start":{"line":102,"column":0},"end":{"line":102,"column":0}},"102":{"start":{"line":103,"column":0},"end":{"line":103,"column":51}},"103":{"start":{"line":104,"column":0},"end":{"line":104,"column":0}},"104":{"start":{"line":105,"column":0},"end":{"line":105,"column":27}},"105":{"start":{"line":106,"column":0},"end":{"line":106,"column":47}},"106":{"start":{"line":107,"column":0},"end":{"line":107,"column":52}},"107":{"start":{"line":108,"column":0},"end":{"line":108,"column":52}},"108":{"start":{"line":109,"column":0},"end":{"line":109,"column":47}},"109":{"start":{"line":110,"column":0},"end":{"line":110,"column":51}},"110":{"start":{"line":111,"column":0},"end":{"line":111,"column":36}},"111":{"start":{"line":112,"column":0},"end":{"line":112,"column":12}},"112":{"start":{"line":113,"column":0},"end":{"line":113,"column":0}},"113":{"start":{"line":114,"column":0},"end":{"line":114,"column":39}},"114":{"start":{"line":115,"column":0},"end":{"line":115,"column":33}},"115":{"start":{"line":116,"column":0},"end":{"line":116,"column":56}},"116":{"start":{"line":117,"column":0},"end":{"line":117,"column":18}},"117":{"start":{"line":118,"column":0},"end":{"line":118,"column":18}},"118":{"start":{"line":119,"column":0},"end":{"line":119,"column":66}},"119":{"start":{"line":120,"column":0},"end":{"line":120,"column":13}},"120":{"start":{"line":121,"column":0},"end":{"line":121,"column":0}},"121":{"start":{"line":122,"column":0},"end":{"line":122,"column":9}},"122":{"start":{"line":123,"column":0},"end":{"line":123,"column":8}},"123":{"start":{"line":124,"column":0},"end":{"line":124,"column":21}},"124":{"start":{"line":125,"column":0},"end":{"line":125,"column":32}},"125":{"start":{"line":126,"column":0},"end":{"line":126,"column":5}},"126":{"start":{"line":127,"column":0},"end":{"line":127,"column":1}},"127":{"start":{"line":128,"column":0},"end":{"line":128,"column":0}},"128":{"start":{"line":129,"column":0},"end":{"line":129,"column":0}},"129":{"start":{"line":130,"column":0},"end":{"line":130,"column":14}},"130":{"start":{"line":131,"column":0},"end":{"line":131,"column":36}},"131":{"start":{"line":132,"column":0},"end":{"line":132,"column":9}},"132":{"start":{"line":133,"column":0},"end":{"line":133,"column":38}},"133":{"start":{"line":134,"column":0},"end":{"line":134,"column":0}},"134":{"start":{"line":135,"column":0},"end":{"line":135,"column":34}},"135":{"start":{"line":136,"column":0},"end":{"line":136,"column":0}},"136":{"start":{"line":137,"column":0},"end":{"line":137,"column":51}},"137":{"start":{"line":138,"column":0},"end":{"line":138,"column":0}},"138":{"start":{"line":139,"column":0},"end":{"line":139,"column":27}},"139":{"start":{"line":140,"column":0},"end":{"line":140,"column":47}},"140":{"start":{"line":141,"column":0},"end":{"line":141,"column":52}},"141":{"start":{"line":142,"column":0},"end":{"line":142,"column":52}},"142":{"start":{"line":143,"column":0},"end":{"line":143,"column":38}},"143":{"start":{"line":144,"column":0},"end":{"line":144,"column":12}},"144":{"start":{"line":145,"column":0},"end":{"line":145,"column":8}},"145":{"start":{"line":146,"column":0},"end":{"line":146,"column":6}},"146":{"start":{"line":147,"column":0},"end":{"line":147,"column":41}},"147":{"start":{"line":148,"column":0},"end":{"line":148,"column":26}},"148":{"start":{"line":149,"column":0},"end":{"line":149,"column":60}},"149":{"start":{"line":150,"column":0},"end":{"line":150,"column":18}},"150":{"start":{"line":151,"column":0},"end":{"line":151,"column":18}},"151":{"start":{"line":152,"column":0},"end":{"line":152,"column":26}},"152":{"start":{"line":153,"column":0},"end":{"line":153,"column":45}},"153":{"start":{"line":154,"column":0},"end":{"line":154,"column":14}},"154":{"start":{"line":155,"column":0},"end":{"line":155,"column":13}},"155":{"start":{"line":156,"column":0},"end":{"line":156,"column":9}},"156":{"start":{"line":157,"column":0},"end":{"line":157,"column":0}},"157":{"start":{"line":158,"column":0},"end":{"line":158,"column":0}},"158":{"start":{"line":159,"column":0},"end":{"line":159,"column":21}},"159":{"start":{"line":160,"column":0},"end":{"line":160,"column":39}},"160":{"start":{"line":161,"column":0},"end":{"line":161,"column":5}},"161":{"start":{"line":162,"column":0},"end":{"line":162,"column":1}},"162":{"start":{"line":163,"column":0},"end":{"line":163,"column":0}},"163":{"start":{"line":164,"column":0},"end":{"line":164,"column":0}},"164":{"start":{"line":165,"column":0},"end":{"line":165,"column":0}},"165":{"start":{"line":166,"column":0},"end":{"line":166,"column":0}},"166":{"start":{"line":167,"column":0},"end":{"line":167,"column":0}},"167":{"start":{"line":168,"column":0},"end":{"line":168,"column":44}},"168":{"start":{"line":169,"column":0},"end":{"line":169,"column":30}},"169":{"start":{"line":170,"column":0},"end":{"line":170,"column":54}},"170":{"start":{"line":171,"column":0},"end":{"line":171,"column":9}},"171":{"start":{"line":172,"column":0},"end":{"line":172,"column":51}},"172":{"start":{"line":173,"column":0},"end":{"line":173,"column":0}},"173":{"start":{"line":174,"column":0},"end":{"line":174,"column":27}},"174":{"start":{"line":175,"column":0},"end":{"line":175,"column":46}},"175":{"start":{"line":176,"column":0},"end":{"line":176,"column":55}},"176":{"start":{"line":177,"column":0},"end":{"line":177,"column":12}},"177":{"start":{"line":178,"column":0},"end":{"line":178,"column":0}},"178":{"start":{"line":179,"column":0},"end":{"line":179,"column":25}},"179":{"start":{"line":180,"column":0},"end":{"line":180,"column":34}},"180":{"start":{"line":181,"column":0},"end":{"line":181,"column":10}},"181":{"start":{"line":182,"column":0},"end":{"line":182,"column":0}},"182":{"start":{"line":183,"column":0},"end":{"line":183,"column":9}},"183":{"start":{"line":184,"column":0},"end":{"line":184,"column":8}},"184":{"start":{"line":185,"column":0},"end":{"line":185,"column":21}},"185":{"start":{"line":186,"column":0},"end":{"line":186,"column":32}},"186":{"start":{"line":187,"column":0},"end":{"line":187,"column":5}},"187":{"start":{"line":188,"column":0},"end":{"line":188,"column":1}},"188":{"start":{"line":189,"column":0},"end":{"line":189,"column":0}},"189":{"start":{"line":190,"column":0},"end":{"line":190,"column":0}},"190":{"start":{"line":191,"column":0},"end":{"line":191,"column":40}},"191":{"start":{"line":192,"column":0},"end":{"line":192,"column":43}},"192":{"start":{"line":193,"column":0},"end":{"line":193,"column":9}},"193":{"start":{"line":194,"column":0},"end":{"line":194,"column":51}},"194":{"start":{"line":195,"column":0},"end":{"line":195,"column":0}},"195":{"start":{"line":196,"column":0},"end":{"line":196,"column":27}},"196":{"start":{"line":197,"column":0},"end":{"line":197,"column":46}},"197":{"start":{"line":198,"column":0},"end":{"line":198,"column":40}},"198":{"start":{"line":199,"column":0},"end":{"line":199,"column":12}},"199":{"start":{"line":200,"column":0},"end":{"line":200,"column":0}},"200":{"start":{"line":201,"column":0},"end":{"line":201,"column":25}},"201":{"start":{"line":202,"column":0},"end":{"line":202,"column":34}},"202":{"start":{"line":203,"column":0},"end":{"line":203,"column":10}},"203":{"start":{"line":204,"column":0},"end":{"line":204,"column":0}},"204":{"start":{"line":205,"column":0},"end":{"line":205,"column":9}},"205":{"start":{"line":206,"column":0},"end":{"line":206,"column":8}},"206":{"start":{"line":207,"column":0},"end":{"line":207,"column":21}},"207":{"start":{"line":208,"column":0},"end":{"line":208,"column":32}},"208":{"start":{"line":209,"column":0},"end":{"line":209,"column":5}},"209":{"start":{"line":210,"column":0},"end":{"line":210,"column":1}},"210":{"start":{"line":211,"column":0},"end":{"line":211,"column":0}},"211":{"start":{"line":212,"column":0},"end":{"line":212,"column":17}},"212":{"start":{"line":213,"column":0},"end":{"line":213,"column":40}},"213":{"start":{"line":214,"column":0},"end":{"line":214,"column":9}},"214":{"start":{"line":215,"column":0},"end":{"line":215,"column":47}},"215":{"start":{"line":216,"column":0},"end":{"line":216,"column":0}},"216":{"start":{"line":217,"column":0},"end":{"line":217,"column":51}},"217":{"start":{"line":218,"column":0},"end":{"line":218,"column":0}},"218":{"start":{"line":219,"column":0},"end":{"line":219,"column":27}},"219":{"start":{"line":220,"column":0},"end":{"line":220,"column":47}},"220":{"start":{"line":221,"column":0},"end":{"line":221,"column":52}},"221":{"start":{"line":222,"column":0},"end":{"line":222,"column":52}},"222":{"start":{"line":223,"column":0},"end":{"line":223,"column":44}},"223":{"start":{"line":224,"column":0},"end":{"line":224,"column":41}},"224":{"start":{"line":225,"column":0},"end":{"line":225,"column":12}},"225":{"start":{"line":226,"column":0},"end":{"line":226,"column":0}},"226":{"start":{"line":227,"column":0},"end":{"line":227,"column":39}},"227":{"start":{"line":228,"column":0},"end":{"line":228,"column":33}},"228":{"start":{"line":229,"column":0},"end":{"line":229,"column":46}},"229":{"start":{"line":230,"column":0},"end":{"line":230,"column":18}},"230":{"start":{"line":231,"column":0},"end":{"line":231,"column":18}},"231":{"start":{"line":232,"column":0},"end":{"line":232,"column":69}},"232":{"start":{"line":233,"column":0},"end":{"line":233,"column":13}},"233":{"start":{"line":234,"column":0},"end":{"line":234,"column":0}},"234":{"start":{"line":235,"column":0},"end":{"line":235,"column":9}},"235":{"start":{"line":236,"column":0},"end":{"line":236,"column":8}},"236":{"start":{"line":237,"column":0},"end":{"line":237,"column":21}},"237":{"start":{"line":238,"column":0},"end":{"line":238,"column":32}},"238":{"start":{"line":239,"column":0},"end":{"line":239,"column":5}},"239":{"start":{"line":240,"column":0},"end":{"line":240,"column":1}},"240":{"start":{"line":241,"column":0},"end":{"line":241,"column":0}},"241":{"start":{"line":242,"column":0},"end":{"line":242,"column":0}},"242":{"start":{"line":243,"column":0},"end":{"line":243,"column":0}},"243":{"start":{"line":244,"column":0},"end":{"line":244,"column":20}},"244":{"start":{"line":245,"column":0},"end":{"line":245,"column":0}},"245":{"start":{"line":246,"column":0},"end":{"line":246,"column":0}},"246":{"start":{"line":247,"column":0},"end":{"line":247,"column":46}},"247":{"start":{"line":248,"column":0},"end":{"line":248,"column":9}},"248":{"start":{"line":249,"column":0},"end":{"line":249,"column":69}},"249":{"start":{"line":250,"column":0},"end":{"line":250,"column":0}},"250":{"start":{"line":251,"column":0},"end":{"line":251,"column":52}},"251":{"start":{"line":252,"column":0},"end":{"line":252,"column":0}},"252":{"start":{"line":253,"column":0},"end":{"line":253,"column":29}},"253":{"start":{"line":254,"column":0},"end":{"line":254,"column":47}},"254":{"start":{"line":255,"column":0},"end":{"line":255,"column":65}},"255":{"start":{"line":256,"column":0},"end":{"line":256,"column":59}},"256":{"start":{"line":257,"column":0},"end":{"line":257,"column":57}},"257":{"start":{"line":258,"column":0},"end":{"line":258,"column":48}},"258":{"start":{"line":259,"column":0},"end":{"line":259,"column":49}},"259":{"start":{"line":260,"column":0},"end":{"line":260,"column":0}},"260":{"start":{"line":261,"column":0},"end":{"line":261,"column":43}},"261":{"start":{"line":262,"column":0},"end":{"line":262,"column":33}},"262":{"start":{"line":263,"column":0},"end":{"line":263,"column":49}},"263":{"start":{"line":264,"column":0},"end":{"line":264,"column":19}},"264":{"start":{"line":265,"column":0},"end":{"line":265,"column":20}},"265":{"start":{"line":266,"column":0},"end":{"line":266,"column":75}},"266":{"start":{"line":267,"column":0},"end":{"line":267,"column":13}},"267":{"start":{"line":268,"column":0},"end":{"line":268,"column":9}},"268":{"start":{"line":269,"column":0},"end":{"line":269,"column":21}},"269":{"start":{"line":270,"column":0},"end":{"line":270,"column":35}},"270":{"start":{"line":271,"column":0},"end":{"line":271,"column":5}},"271":{"start":{"line":272,"column":0},"end":{"line":272,"column":1}},"272":{"start":{"line":273,"column":0},"end":{"line":273,"column":0}},"273":{"start":{"line":274,"column":0},"end":{"line":274,"column":0}},"274":{"start":{"line":275,"column":0},"end":{"line":275,"column":0}},"275":{"start":{"line":276,"column":0},"end":{"line":276,"column":0}},"276":{"start":{"line":277,"column":0},"end":{"line":277,"column":0}},"277":{"start":{"line":278,"column":0},"end":{"line":278,"column":0}},"278":{"start":{"line":279,"column":0},"end":{"line":279,"column":12}},"279":{"start":{"line":280,"column":0},"end":{"line":280,"column":0}},"280":{"start":{"line":281,"column":0},"end":{"line":281,"column":0}},"281":{"start":{"line":282,"column":0},"end":{"line":282,"column":0}},"282":{"start":{"line":283,"column":0},"end":{"line":283,"column":0}},"283":{"start":{"line":284,"column":0},"end":{"line":284,"column":0}},"284":{"start":{"line":285,"column":0},"end":{"line":285,"column":0}},"285":{"start":{"line":286,"column":0},"end":{"line":286,"column":0}},"286":{"start":{"line":287,"column":0},"end":{"line":287,"column":35}},"287":{"start":{"line":288,"column":0},"end":{"line":288,"column":9}},"288":{"start":{"line":289,"column":0},"end":{"line":289,"column":42}},"289":{"start":{"line":290,"column":0},"end":{"line":290,"column":0}},"290":{"start":{"line":291,"column":0},"end":{"line":291,"column":51}},"291":{"start":{"line":292,"column":0},"end":{"line":292,"column":0}},"292":{"start":{"line":293,"column":0},"end":{"line":293,"column":27}},"293":{"start":{"line":294,"column":0},"end":{"line":294,"column":47}},"294":{"start":{"line":295,"column":0},"end":{"line":295,"column":52}},"295":{"start":{"line":296,"column":0},"end":{"line":296,"column":52}},"296":{"start":{"line":297,"column":0},"end":{"line":297,"column":36}},"297":{"start":{"line":298,"column":0},"end":{"line":298,"column":0}},"298":{"start":{"line":299,"column":0},"end":{"line":299,"column":39}},"299":{"start":{"line":300,"column":0},"end":{"line":300,"column":51}},"300":{"start":{"line":301,"column":0},"end":{"line":301,"column":18}},"301":{"start":{"line":302,"column":0},"end":{"line":302,"column":59}},"302":{"start":{"line":303,"column":0},"end":{"line":303,"column":13}},"303":{"start":{"line":304,"column":0},"end":{"line":304,"column":0}},"304":{"start":{"line":305,"column":0},"end":{"line":305,"column":9}},"305":{"start":{"line":306,"column":0},"end":{"line":306,"column":21}},"306":{"start":{"line":307,"column":0},"end":{"line":307,"column":48}},"307":{"start":{"line":308,"column":0},"end":{"line":308,"column":5}},"308":{"start":{"line":309,"column":0},"end":{"line":309,"column":1}},"309":{"start":{"line":310,"column":0},"end":{"line":310,"column":0}},"310":{"start":{"line":311,"column":0},"end":{"line":311,"column":0}},"311":{"start":{"line":312,"column":0},"end":{"line":312,"column":37}},"312":{"start":{"line":313,"column":0},"end":{"line":313,"column":9}},"313":{"start":{"line":314,"column":0},"end":{"line":314,"column":42}},"314":{"start":{"line":315,"column":0},"end":{"line":315,"column":0}},"315":{"start":{"line":316,"column":0},"end":{"line":316,"column":51}},"316":{"start":{"line":317,"column":0},"end":{"line":317,"column":0}},"317":{"start":{"line":318,"column":0},"end":{"line":318,"column":0}},"318":{"start":{"line":319,"column":0},"end":{"line":319,"column":27}},"319":{"start":{"line":320,"column":0},"end":{"line":320,"column":47}},"320":{"start":{"line":321,"column":0},"end":{"line":321,"column":52}},"321":{"start":{"line":322,"column":0},"end":{"line":322,"column":52}},"322":{"start":{"line":323,"column":0},"end":{"line":323,"column":38}},"323":{"start":{"line":324,"column":0},"end":{"line":324,"column":12}},"324":{"start":{"line":325,"column":0},"end":{"line":325,"column":0}},"325":{"start":{"line":326,"column":0},"end":{"line":326,"column":39}},"326":{"start":{"line":327,"column":0},"end":{"line":327,"column":33}},"327":{"start":{"line":328,"column":0},"end":{"line":328,"column":38}},"328":{"start":{"line":329,"column":0},"end":{"line":329,"column":18}},"329":{"start":{"line":330,"column":0},"end":{"line":330,"column":18}},"330":{"start":{"line":331,"column":0},"end":{"line":331,"column":61}},"331":{"start":{"line":332,"column":0},"end":{"line":332,"column":13}},"332":{"start":{"line":333,"column":0},"end":{"line":333,"column":0}},"333":{"start":{"line":334,"column":0},"end":{"line":334,"column":9}},"334":{"start":{"line":335,"column":0},"end":{"line":335,"column":8}},"335":{"start":{"line":336,"column":0},"end":{"line":336,"column":21}},"336":{"start":{"line":337,"column":0},"end":{"line":337,"column":32}},"337":{"start":{"line":338,"column":0},"end":{"line":338,"column":5}},"338":{"start":{"line":339,"column":0},"end":{"line":339,"column":1}},"339":{"start":{"line":340,"column":0},"end":{"line":340,"column":0}},"340":{"start":{"line":341,"column":0},"end":{"line":341,"column":15}},"341":{"start":{"line":342,"column":0},"end":{"line":342,"column":0}},"342":{"start":{"line":343,"column":0},"end":{"line":343,"column":0}},"343":{"start":{"line":344,"column":0},"end":{"line":344,"column":37}},"344":{"start":{"line":345,"column":0},"end":{"line":345,"column":9}},"345":{"start":{"line":346,"column":0},"end":{"line":346,"column":45}},"346":{"start":{"line":347,"column":0},"end":{"line":347,"column":0}},"347":{"start":{"line":348,"column":0},"end":{"line":348,"column":51}},"348":{"start":{"line":349,"column":0},"end":{"line":349,"column":0}},"349":{"start":{"line":350,"column":0},"end":{"line":350,"column":27}},"350":{"start":{"line":351,"column":0},"end":{"line":351,"column":47}},"351":{"start":{"line":352,"column":0},"end":{"line":352,"column":52}},"352":{"start":{"line":353,"column":0},"end":{"line":353,"column":58}},"353":{"start":{"line":354,"column":0},"end":{"line":354,"column":39}},"354":{"start":{"line":355,"column":0},"end":{"line":355,"column":0}},"355":{"start":{"line":356,"column":0},"end":{"line":356,"column":39}},"356":{"start":{"line":357,"column":0},"end":{"line":357,"column":63}},"357":{"start":{"line":358,"column":0},"end":{"line":358,"column":18}},"358":{"start":{"line":359,"column":0},"end":{"line":359,"column":68}},"359":{"start":{"line":360,"column":0},"end":{"line":360,"column":13}},"360":{"start":{"line":361,"column":0},"end":{"line":361,"column":0}},"361":{"start":{"line":362,"column":0},"end":{"line":362,"column":9}},"362":{"start":{"line":363,"column":0},"end":{"line":363,"column":21}},"363":{"start":{"line":364,"column":0},"end":{"line":364,"column":46}},"364":{"start":{"line":365,"column":0},"end":{"line":365,"column":5}},"365":{"start":{"line":366,"column":0},"end":{"line":366,"column":1}},"366":{"start":{"line":367,"column":0},"end":{"line":367,"column":0}},"367":{"start":{"line":368,"column":0},"end":{"line":368,"column":0}},"368":{"start":{"line":369,"column":0},"end":{"line":369,"column":0}},"369":{"start":{"line":370,"column":0},"end":{"line":370,"column":0}},"370":{"start":{"line":371,"column":0},"end":{"line":371,"column":0}},"371":{"start":{"line":372,"column":0},"end":{"line":372,"column":0}},"372":{"start":{"line":373,"column":0},"end":{"line":373,"column":17}},"373":{"start":{"line":374,"column":0},"end":{"line":374,"column":0}},"374":{"start":{"line":375,"column":0},"end":{"line":375,"column":40}},"375":{"start":{"line":376,"column":0},"end":{"line":376,"column":9}},"376":{"start":{"line":377,"column":0},"end":{"line":377,"column":45}},"377":{"start":{"line":378,"column":0},"end":{"line":378,"column":40}},"378":{"start":{"line":379,"column":0},"end":{"line":379,"column":0}},"379":{"start":{"line":380,"column":0},"end":{"line":380,"column":51}},"380":{"start":{"line":381,"column":0},"end":{"line":381,"column":0}},"381":{"start":{"line":382,"column":0},"end":{"line":382,"column":0}},"382":{"start":{"line":383,"column":0},"end":{"line":383,"column":27}},"383":{"start":{"line":384,"column":0},"end":{"line":384,"column":47}},"384":{"start":{"line":385,"column":0},"end":{"line":385,"column":52}},"385":{"start":{"line":386,"column":0},"end":{"line":386,"column":43}},"386":{"start":{"line":387,"column":0},"end":{"line":387,"column":41}},"387":{"start":{"line":388,"column":0},"end":{"line":388,"column":12}},"388":{"start":{"line":389,"column":0},"end":{"line":389,"column":32}},"389":{"start":{"line":390,"column":0},"end":{"line":390,"column":39}},"390":{"start":{"line":391,"column":0},"end":{"line":391,"column":33}},"391":{"start":{"line":392,"column":0},"end":{"line":392,"column":46}},"392":{"start":{"line":393,"column":0},"end":{"line":393,"column":18}},"393":{"start":{"line":394,"column":0},"end":{"line":394,"column":18}},"394":{"start":{"line":395,"column":0},"end":{"line":395,"column":64}},"395":{"start":{"line":396,"column":0},"end":{"line":396,"column":13}},"396":{"start":{"line":397,"column":0},"end":{"line":397,"column":0}},"397":{"start":{"line":398,"column":0},"end":{"line":398,"column":9}},"398":{"start":{"line":399,"column":0},"end":{"line":399,"column":8}},"399":{"start":{"line":400,"column":0},"end":{"line":400,"column":21}},"400":{"start":{"line":401,"column":0},"end":{"line":401,"column":32}},"401":{"start":{"line":402,"column":0},"end":{"line":402,"column":5}},"402":{"start":{"line":403,"column":0},"end":{"line":403,"column":1}},"403":{"start":{"line":404,"column":0},"end":{"line":404,"column":0}},"404":{"start":{"line":405,"column":0},"end":{"line":405,"column":18}},"405":{"start":{"line":406,"column":0},"end":{"line":406,"column":40}},"406":{"start":{"line":407,"column":0},"end":{"line":407,"column":9}},"407":{"start":{"line":408,"column":0},"end":{"line":408,"column":48}},"408":{"start":{"line":409,"column":0},"end":{"line":409,"column":0}},"409":{"start":{"line":410,"column":0},"end":{"line":410,"column":51}},"410":{"start":{"line":411,"column":0},"end":{"line":411,"column":0}},"411":{"start":{"line":412,"column":0},"end":{"line":412,"column":27}},"412":{"start":{"line":413,"column":0},"end":{"line":413,"column":47}},"413":{"start":{"line":414,"column":0},"end":{"line":414,"column":52}},"414":{"start":{"line":415,"column":0},"end":{"line":415,"column":64}},"415":{"start":{"line":416,"column":0},"end":{"line":416,"column":42}},"416":{"start":{"line":417,"column":0},"end":{"line":417,"column":0}},"417":{"start":{"line":418,"column":0},"end":{"line":418,"column":39}},"418":{"start":{"line":419,"column":0},"end":{"line":419,"column":66}},"419":{"start":{"line":420,"column":0},"end":{"line":420,"column":18}},"420":{"start":{"line":421,"column":0},"end":{"line":421,"column":71}},"421":{"start":{"line":422,"column":0},"end":{"line":422,"column":13}},"422":{"start":{"line":423,"column":0},"end":{"line":423,"column":0}},"423":{"start":{"line":424,"column":0},"end":{"line":424,"column":9}},"424":{"start":{"line":425,"column":0},"end":{"line":425,"column":21}},"425":{"start":{"line":426,"column":0},"end":{"line":426,"column":46}},"426":{"start":{"line":427,"column":0},"end":{"line":427,"column":5}},"427":{"start":{"line":428,"column":0},"end":{"line":428,"column":1}},"428":{"start":{"line":429,"column":0},"end":{"line":429,"column":0}},"429":{"start":{"line":430,"column":0},"end":{"line":430,"column":0}},"430":{"start":{"line":431,"column":0},"end":{"line":431,"column":0}},"431":{"start":{"line":432,"column":0},"end":{"line":432,"column":20}},"432":{"start":{"line":433,"column":0},"end":{"line":433,"column":43}},"433":{"start":{"line":434,"column":0},"end":{"line":434,"column":9}},"434":{"start":{"line":435,"column":0},"end":{"line":435,"column":48}},"435":{"start":{"line":436,"column":0},"end":{"line":436,"column":43}},"436":{"start":{"line":437,"column":0},"end":{"line":437,"column":0}},"437":{"start":{"line":438,"column":0},"end":{"line":438,"column":51}},"438":{"start":{"line":439,"column":0},"end":{"line":439,"column":0}},"439":{"start":{"line":440,"column":0},"end":{"line":440,"column":27}},"440":{"start":{"line":441,"column":0},"end":{"line":441,"column":47}},"441":{"start":{"line":442,"column":0},"end":{"line":442,"column":52}},"442":{"start":{"line":443,"column":0},"end":{"line":443,"column":49}},"443":{"start":{"line":444,"column":0},"end":{"line":444,"column":44}},"444":{"start":{"line":445,"column":0},"end":{"line":445,"column":12}},"445":{"start":{"line":446,"column":0},"end":{"line":446,"column":32}},"446":{"start":{"line":447,"column":0},"end":{"line":447,"column":39}},"447":{"start":{"line":448,"column":0},"end":{"line":448,"column":33}},"448":{"start":{"line":449,"column":0},"end":{"line":449,"column":49}},"449":{"start":{"line":450,"column":0},"end":{"line":450,"column":18}},"450":{"start":{"line":451,"column":0},"end":{"line":451,"column":18}},"451":{"start":{"line":452,"column":0},"end":{"line":452,"column":67}},"452":{"start":{"line":453,"column":0},"end":{"line":453,"column":13}},"453":{"start":{"line":454,"column":0},"end":{"line":454,"column":0}},"454":{"start":{"line":455,"column":0},"end":{"line":455,"column":9}},"455":{"start":{"line":456,"column":0},"end":{"line":456,"column":8}},"456":{"start":{"line":457,"column":0},"end":{"line":457,"column":21}},"457":{"start":{"line":458,"column":0},"end":{"line":458,"column":32}},"458":{"start":{"line":459,"column":0},"end":{"line":459,"column":5}},"459":{"start":{"line":460,"column":0},"end":{"line":460,"column":1}},"460":{"start":{"line":461,"column":0},"end":{"line":461,"column":0}},"461":{"start":{"line":462,"column":0},"end":{"line":462,"column":0}},"462":{"start":{"line":463,"column":0},"end":{"line":463,"column":0}},"463":{"start":{"line":464,"column":0},"end":{"line":464,"column":40}},"464":{"start":{"line":465,"column":0},"end":{"line":465,"column":9}},"465":{"start":{"line":466,"column":0},"end":{"line":466,"column":94}},"466":{"start":{"line":467,"column":0},"end":{"line":467,"column":0}},"467":{"start":{"line":468,"column":0},"end":{"line":468,"column":47}},"468":{"start":{"line":469,"column":0},"end":{"line":469,"column":0}},"469":{"start":{"line":470,"column":0},"end":{"line":470,"column":37}},"470":{"start":{"line":471,"column":0},"end":{"line":471,"column":76}},"471":{"start":{"line":472,"column":0},"end":{"line":472,"column":9}},"472":{"start":{"line":473,"column":0},"end":{"line":473,"column":0}},"473":{"start":{"line":474,"column":0},"end":{"line":474,"column":0}},"474":{"start":{"line":475,"column":0},"end":{"line":475,"column":51}},"475":{"start":{"line":476,"column":0},"end":{"line":476,"column":0}},"476":{"start":{"line":477,"column":0},"end":{"line":477,"column":27}},"477":{"start":{"line":478,"column":0},"end":{"line":478,"column":47}},"478":{"start":{"line":479,"column":0},"end":{"line":479,"column":52}},"479":{"start":{"line":480,"column":0},"end":{"line":480,"column":52}},"480":{"start":{"line":481,"column":0},"end":{"line":481,"column":44}},"481":{"start":{"line":482,"column":0},"end":{"line":482,"column":59}},"482":{"start":{"line":483,"column":0},"end":{"line":483,"column":41}},"483":{"start":{"line":484,"column":0},"end":{"line":484,"column":12}},"484":{"start":{"line":485,"column":0},"end":{"line":485,"column":0}},"485":{"start":{"line":486,"column":0},"end":{"line":486,"column":39}},"486":{"start":{"line":487,"column":0},"end":{"line":487,"column":33}},"487":{"start":{"line":488,"column":0},"end":{"line":488,"column":44}},"488":{"start":{"line":489,"column":0},"end":{"line":489,"column":18}},"489":{"start":{"line":490,"column":0},"end":{"line":490,"column":18}},"490":{"start":{"line":491,"column":0},"end":{"line":491,"column":63}},"491":{"start":{"line":492,"column":0},"end":{"line":492,"column":13}},"492":{"start":{"line":493,"column":0},"end":{"line":493,"column":0}},"493":{"start":{"line":494,"column":0},"end":{"line":494,"column":9}},"494":{"start":{"line":495,"column":0},"end":{"line":495,"column":8}},"495":{"start":{"line":496,"column":0},"end":{"line":496,"column":21}},"496":{"start":{"line":497,"column":0},"end":{"line":497,"column":32}},"497":{"start":{"line":498,"column":0},"end":{"line":498,"column":5}},"498":{"start":{"line":499,"column":0},"end":{"line":499,"column":1}},"499":{"start":{"line":500,"column":0},"end":{"line":500,"column":0}},"500":{"start":{"line":501,"column":0},"end":{"line":501,"column":0}},"501":{"start":{"line":502,"column":0},"end":{"line":502,"column":46}},"502":{"start":{"line":503,"column":0},"end":{"line":503,"column":9}},"503":{"start":{"line":504,"column":0},"end":{"line":504,"column":8}},"504":{"start":{"line":505,"column":0},"end":{"line":505,"column":55}},"505":{"start":{"line":506,"column":0},"end":{"line":506,"column":71}},"506":{"start":{"line":507,"column":0},"end":{"line":507,"column":8}},"507":{"start":{"line":508,"column":0},"end":{"line":508,"column":55}},"508":{"start":{"line":509,"column":0},"end":{"line":509,"column":0}},"509":{"start":{"line":510,"column":0},"end":{"line":510,"column":37}},"510":{"start":{"line":511,"column":0},"end":{"line":511,"column":76}},"511":{"start":{"line":512,"column":0},"end":{"line":512,"column":9}},"512":{"start":{"line":513,"column":0},"end":{"line":513,"column":0}},"513":{"start":{"line":514,"column":0},"end":{"line":514,"column":52}},"514":{"start":{"line":515,"column":0},"end":{"line":515,"column":0}},"515":{"start":{"line":516,"column":0},"end":{"line":516,"column":29}},"516":{"start":{"line":517,"column":0},"end":{"line":517,"column":47}},"517":{"start":{"line":518,"column":0},"end":{"line":518,"column":59}},"518":{"start":{"line":519,"column":0},"end":{"line":519,"column":57}},"519":{"start":{"line":520,"column":0},"end":{"line":520,"column":48}},"520":{"start":{"line":521,"column":0},"end":{"line":521,"column":63}},"521":{"start":{"line":522,"column":0},"end":{"line":522,"column":49}},"522":{"start":{"line":523,"column":0},"end":{"line":523,"column":0}},"523":{"start":{"line":524,"column":0},"end":{"line":524,"column":43}},"524":{"start":{"line":525,"column":0},"end":{"line":525,"column":33}},"525":{"start":{"line":526,"column":0},"end":{"line":526,"column":47}},"526":{"start":{"line":527,"column":0},"end":{"line":527,"column":19}},"527":{"start":{"line":528,"column":0},"end":{"line":528,"column":20}},"528":{"start":{"line":529,"column":0},"end":{"line":529,"column":69}},"529":{"start":{"line":530,"column":0},"end":{"line":530,"column":13}},"530":{"start":{"line":531,"column":0},"end":{"line":531,"column":9}},"531":{"start":{"line":532,"column":0},"end":{"line":532,"column":21}},"532":{"start":{"line":533,"column":0},"end":{"line":533,"column":35}},"533":{"start":{"line":534,"column":0},"end":{"line":534,"column":5}},"534":{"start":{"line":535,"column":0},"end":{"line":535,"column":1}},"535":{"start":{"line":536,"column":0},"end":{"line":536,"column":0}},"536":{"start":{"line":537,"column":0},"end":{"line":537,"column":0}},"537":{"start":{"line":538,"column":0},"end":{"line":538,"column":44}},"538":{"start":{"line":539,"column":0},"end":{"line":539,"column":9}},"539":{"start":{"line":540,"column":0},"end":{"line":540,"column":38}},"540":{"start":{"line":541,"column":0},"end":{"line":541,"column":52}},"541":{"start":{"line":542,"column":0},"end":{"line":542,"column":0}},"542":{"start":{"line":543,"column":0},"end":{"line":543,"column":29}},"543":{"start":{"line":544,"column":0},"end":{"line":544,"column":52}},"544":{"start":{"line":545,"column":0},"end":{"line":545,"column":57}},"545":{"start":{"line":546,"column":0},"end":{"line":546,"column":48}},"546":{"start":{"line":547,"column":0},"end":{"line":547,"column":0}},"547":{"start":{"line":548,"column":0},"end":{"line":548,"column":49}},"548":{"start":{"line":549,"column":0},"end":{"line":549,"column":57}},"549":{"start":{"line":550,"column":0},"end":{"line":550,"column":61}},"550":{"start":{"line":551,"column":0},"end":{"line":551,"column":0}},"551":{"start":{"line":552,"column":0},"end":{"line":552,"column":40}},"552":{"start":{"line":553,"column":0},"end":{"line":553,"column":42}},"553":{"start":{"line":554,"column":0},"end":{"line":554,"column":0}},"554":{"start":{"line":555,"column":0},"end":{"line":555,"column":59}},"555":{"start":{"line":556,"column":0},"end":{"line":556,"column":60}},"556":{"start":{"line":557,"column":0},"end":{"line":557,"column":75}},"557":{"start":{"line":558,"column":0},"end":{"line":558,"column":72}},"558":{"start":{"line":559,"column":0},"end":{"line":559,"column":0}},"559":{"start":{"line":560,"column":0},"end":{"line":560,"column":41}},"560":{"start":{"line":561,"column":0},"end":{"line":561,"column":55}},"561":{"start":{"line":562,"column":0},"end":{"line":562,"column":49}},"562":{"start":{"line":563,"column":0},"end":{"line":563,"column":43}},"563":{"start":{"line":564,"column":0},"end":{"line":564,"column":51}},"564":{"start":{"line":565,"column":0},"end":{"line":565,"column":55}},"565":{"start":{"line":566,"column":0},"end":{"line":566,"column":58}},"566":{"start":{"line":567,"column":0},"end":{"line":567,"column":23}},"567":{"start":{"line":568,"column":0},"end":{"line":568,"column":17}},"568":{"start":{"line":569,"column":0},"end":{"line":569,"column":0}},"569":{"start":{"line":570,"column":0},"end":{"line":570,"column":33}},"570":{"start":{"line":571,"column":0},"end":{"line":571,"column":48}},"571":{"start":{"line":572,"column":0},"end":{"line":572,"column":44}},"572":{"start":{"line":573,"column":0},"end":{"line":573,"column":19}},"573":{"start":{"line":574,"column":0},"end":{"line":574,"column":20}},"574":{"start":{"line":575,"column":0},"end":{"line":575,"column":68}},"575":{"start":{"line":576,"column":0},"end":{"line":576,"column":13}},"576":{"start":{"line":577,"column":0},"end":{"line":577,"column":9}},"577":{"start":{"line":578,"column":0},"end":{"line":578,"column":21}},"578":{"start":{"line":579,"column":0},"end":{"line":579,"column":35}},"579":{"start":{"line":580,"column":0},"end":{"line":580,"column":5}},"580":{"start":{"line":581,"column":0},"end":{"line":581,"column":1}},"581":{"start":{"line":582,"column":0},"end":{"line":582,"column":0}},"582":{"start":{"line":583,"column":0},"end":{"line":583,"column":0}},"583":{"start":{"line":584,"column":0},"end":{"line":584,"column":18}},"584":{"start":{"line":585,"column":0},"end":{"line":585,"column":18}},"585":{"start":{"line":586,"column":0},"end":{"line":586,"column":19}},"586":{"start":{"line":587,"column":0},"end":{"line":587,"column":13}},"587":{"start":{"line":588,"column":0},"end":{"line":588,"column":15}},"588":{"start":{"line":589,"column":0},"end":{"line":589,"column":13}},"589":{"start":{"line":590,"column":0},"end":{"line":590,"column":15}},"590":{"start":{"line":591,"column":0},"end":{"line":591,"column":16}},"591":{"start":{"line":592,"column":0},"end":{"line":592,"column":18}},"592":{"start":{"line":593,"column":0},"end":{"line":593,"column":18}},"593":{"start":{"line":594,"column":0},"end":{"line":594,"column":19}},"594":{"start":{"line":595,"column":0},"end":{"line":595,"column":21}},"595":{"start":{"line":596,"column":0},"end":{"line":596,"column":21}},"596":{"start":{"line":597,"column":0},"end":{"line":597,"column":32}},"597":{"start":{"line":598,"column":0},"end":{"line":598,"column":21}},"598":{"start":{"line":599,"column":0},"end":{"line":599,"column":18}},"599":{"start":{"line":600,"column":0},"end":{"line":600,"column":21}},"600":{"start":{"line":601,"column":0},"end":{"line":601,"column":1}}},"s":{"0":1,"1":1,"2":1,"3":1,"4":1,"5":1,"6":1,"7":1,"8":1,"9":1,"10":1,"11":1,"12":1,"13":1,"14":1,"15":1,"16":1,"17":1,"18":1,"19":1,"20":1,"21":1,"22":1,"23":1,"24":1,"25":1,"26":1,"27":1,"28":1,"29":1,"30":1,"31":1,"32":1,"33":1,"34":1,"35":1,"36":1,"37":1,"38":1,"39":1,"40":1,"41":1,"42":1,"43":1,"44":1,"45":1,"46":1,"47":1,"48":1,"49":1,"50":1,"51":3,"52":3,"53":3,"54":3,"55":3,"56":3,"57":3,"58":3,"59":3,"60":3,"61":2,"62":1,"63":1,"64":1,"65":1,"66":1,"67":1,"68":1,"69":1,"70":1,"71":1,"72":1,"73":1,"74":1,"75":1,"76":1,"77":1,"78":1,"79":1,"80":1,"81":1,"82":1,"83":0,"84":0,"85":0,"86":0,"87":0,"88":0,"89":0,"90":0,"91":1,"92":1,"93":1,"94":1,"95":1,"96":1,"97":1,"98":1,"99":0,"100":0,"101":0,"102":0,"103":0,"104":0,"105":0,"106":0,"107":0,"108":0,"109":0,"110":0,"111":0,"112":0,"113":0,"114":0,"115":0,"116":0,"117":0,"118":0,"119":0,"120":0,"121":0,"122":0,"123":0,"124":0,"125":1,"126":1,"127":1,"128":1,"129":1,"130":1,"131":0,"132":0,"133":0,"134":0,"135":0,"136":0,"137":0,"138":0,"139":0,"140":0,"141":0,"142":0,"143":0,"144":0,"145":0,"146":0,"147":0,"148":0,"149":0,"150":0,"151":0,"152":0,"153":0,"154":0,"155":0,"156":0,"157":0,"158":0,"159":0,"160":1,"161":1,"162":1,"163":1,"164":1,"165":1,"166":1,"167":1,"168":1,"169":1,"170":0,"171":0,"172":0,"173":0,"174":0,"175":0,"176":0,"177":0,"178":0,"179":0,"180":0,"181":0,"182":0,"183":0,"184":0,"185":0,"186":1,"187":1,"188":1,"189":1,"190":1,"191":1,"192":0,"193":0,"194":0,"195":0,"196":0,"197":0,"198":0,"199":0,"200":0,"201":0,"202":0,"203":0,"204":0,"205":0,"206":0,"207":0,"208":1,"209":1,"210":1,"211":1,"212":1,"213":0,"214":0,"215":0,"216":0,"217":0,"218":0,"219":0,"220":0,"221":0,"222":0,"223":0,"224":0,"225":0,"226":0,"227":0,"228":0,"229":0,"230":0,"231":0,"232":0,"233":0,"234":0,"235":0,"236":0,"237":0,"238":1,"239":1,"240":1,"241":1,"242":1,"243":1,"244":1,"245":1,"246":1,"247":0,"248":0,"249":0,"250":0,"251":0,"252":0,"253":0,"254":0,"255":0,"256":0,"257":0,"258":0,"259":0,"260":0,"261":0,"262":0,"263":0,"264":0,"265":0,"266":0,"267":0,"268":0,"269":0,"270":1,"271":1,"272":1,"273":1,"274":1,"275":1,"276":1,"277":1,"278":1,"279":1,"280":1,"281":1,"282":1,"283":1,"284":1,"285":1,"286":1,"287":0,"288":0,"289":0,"290":0,"291":0,"292":0,"293":0,"294":0,"295":0,"296":0,"297":0,"298":0,"299":0,"300":0,"301":0,"302":0,"303":0,"304":0,"305":0,"306":0,"307":1,"308":1,"309":1,"310":1,"311":1,"312":0,"313":0,"314":0,"315":0,"316":0,"317":0,"318":0,"319":0,"320":0,"321":0,"322":0,"323":0,"324":0,"325":0,"326":0,"327":0,"328":0,"329":0,"330":0,"331":0,"332":0,"333":0,"334":0,"335":0,"336":0,"337":1,"338":1,"339":1,"340":1,"341":1,"342":1,"343":1,"344":0,"345":0,"346":0,"347":0,"348":0,"349":0,"350":0,"351":0,"352":0,"353":0,"354":0,"355":0,"356":0,"357":0,"358":0,"359":0,"360":0,"361":0,"362":0,"363":0,"364":1,"365":1,"366":1,"367":1,"368":1,"369":1,"370":1,"371":1,"372":1,"373":1,"374":1,"375":0,"376":0,"377":0,"378":0,"379":0,"380":0,"381":0,"382":0,"383":0,"384":0,"385":0,"386":0,"387":0,"388":0,"389":0,"390":0,"391":0,"392":0,"393":0,"394":0,"395":0,"396":0,"397":0,"398":0,"399":0,"400":0,"401":1,"402":1,"403":1,"404":1,"405":1,"406":0,"407":0,"408":0,"409":0,"410":0,"411":0,"412":0,"413":0,"414":0,"415":0,"416":0,"417":0,"418":0,"419":0,"420":0,"421":0,"422":0,"423":0,"424":0,"425":0,"426":1,"427":1,"428":1,"429":1,"430":1,"431":1,"432":1,"433":0,"434":0,"435":0,"436":0,"437":0,"438":0,"439":0,"440":0,"441":0,"442":0,"443":0,"444":0,"445":0,"446":0,"447":0,"448":0,"449":0,"450":0,"451":0,"452":0,"453":0,"454":0,"455":0,"456":0,"457":0,"458":1,"459":1,"460":1,"461":1,"462":1,"463":1,"464":1,"465":1,"466":1,"467":1,"468":1,"469":1,"470":0,"471":1,"472":1,"473":1,"474":1,"475":1,"476":1,"477":1,"478":1,"479":1,"480":1,"481":1,"482":1,"483":1,"484":1,"485":1,"486":1,"487":1,"488":1,"489":0,"490":0,"491":0,"492":0,"493":0,"494":0,"495":0,"496":0,"497":1,"498":1,"499":1,"500":1,"501":1,"502":1,"503":1,"504":1,"505":1,"506":1,"507":1,"508":1,"509":1,"510":0,"511":1,"512":1,"513":1,"514":1,"515":1,"516":1,"517":1,"518":1,"519":1,"520":1,"521":1,"522":1,"523":1,"524":1,"525":1,"526":1,"527":0,"528":0,"529":0,"530":0,"531":0,"532":0,"533":1,"534":1,"535":1,"536":1,"537":1,"538":0,"539":0,"540":0,"541":0,"542":0,"543":0,"544":0,"545":0,"546":0,"547":0,"548":0,"549":0,"550":0,"551":0,"552":0,"553":0,"554":0,"555":0,"556":0,"557":0,"558":0,"559":0,"560":0,"561":0,"562":0,"563":0,"564":0,"565":0,"566":0,"567":0,"568":0,"569":0,"570":0,"571":0,"572":0,"573":0,"574":0,"575":0,"576":0,"577":0,"578":0,"579":1,"580":1,"581":1,"582":1,"583":1,"584":1,"585":1,"586":1,"587":1,"588":1,"589":1,"590":1,"591":1,"592":1,"593":1,"594":1,"595":1,"596":1,"597":1,"598":1,"599":1,"600":1},"branchMap":{"0":{"type":"branch","line":2,"loc":{"start":{"line":2,"column":0},"end":{"line":2,"column":6}},"locations":[{"start":{"line":2,"column":0},"end":{"line":2,"column":6}}]},"1":{"type":"branch","line":2,"loc":{"start":{"line":2,"column":0},"end":{"line":2,"column":6}},"locations":[{"start":{"line":2,"column":0},"end":{"line":2,"column":6}}]},"2":{"type":"branch","line":2,"loc":{"start":{"line":2,"column":0},"end":{"line":2,"column":6}},"locations":[{"start":{"line":2,"column":0},"end":{"line":2,"column":6}}]},"3":{"type":"branch","line":2,"loc":{"start":{"line":2,"column":0},"end":{"line":2,"column":6}},"locations":[{"start":{"line":2,"column":0},"end":{"line":2,"column":6}}]},"4":{"type":"branch","line":2,"loc":{"start":{"line":2,"column":0},"end":{"line":2,"column":6}},"locations":[{"start":{"line":2,"column":0},"end":{"line":2,"column":6}}]},"5":{"type":"branch","line":2,"loc":{"start":{"line":2,"column":0},"end":{"line":2,"column":6}},"locations":[{"start":{"line":2,"column":0},"end":{"line":2,"column":6}}]},"6":{"type":"branch","line":2,"loc":{"start":{"line":2,"column":0},"end":{"line":2,"column":6}},"locations":[{"start":{"line":2,"column":0},"end":{"line":2,"column":6}}]},"7":{"type":"branch","line":2,"loc":{"start":{"line":2,"column":0},"end":{"line":2,"column":6}},"locations":[{"start":{"line":2,"column":0},"end":{"line":2,"column":6}}]},"8":{"type":"branch","line":2,"loc":{"start":{"line":2,"column":0},"end":{"line":2,"column":6}},"locations":[{"start":{"line":2,"column":0},"end":{"line":2,"column":6}}]},"9":{"type":"branch","line":2,"loc":{"start":{"line":2,"column":0},"end":{"line":2,"column":6}},"locations":[{"start":{"line":2,"column":0},"end":{"line":2,"column":6}}]},"10":{"type":"branch","line":2,"loc":{"start":{"line":2,"column":0},"end":{"line":2,"column":6}},"locations":[{"start":{"line":2,"column":0},"end":{"line":2,"column":6}}]},"11":{"type":"branch","line":2,"loc":{"start":{"line":2,"column":0},"end":{"line":2,"column":6}},"locations":[{"start":{"line":2,"column":0},"end":{"line":2,"column":6}}]},"12":{"type":"branch","line":2,"loc":{"start":{"line":2,"column":0},"end":{"line":2,"column":6}},"locations":[{"start":{"line":2,"column":0},"end":{"line":2,"column":6}}]},"13":{"type":"branch","line":2,"loc":{"start":{"line":2,"column":0},"end":{"line":2,"column":6}},"locations":[{"start":{"line":2,"column":0},"end":{"line":2,"column":6}}]},"14":{"type":"branch","line":2,"loc":{"start":{"line":2,"column":0},"end":{"line":2,"column":6}},"locations":[{"start":{"line":2,"column":0},"end":{"line":2,"column":6}}]},"15":{"type":"branch","line":2,"loc":{"start":{"line":2,"column":0},"end":{"line":2,"column":6}},"locations":[{"start":{"line":2,"column":0},"end":{"line":2,"column":6}}]},"16":{"type":"branch","line":2,"loc":{"start":{"line":2,"column":0},"end":{"line":2,"column":6}},"locations":[{"start":{"line":2,"column":0},"end":{"line":2,"column":6}}]},"17":{"type":"branch","line":2,"loc":{"start":{"line":2,"column":0},"end":{"line":2,"column":6}},"locations":[{"start":{"line":2,"column":0},"end":{"line":2,"column":6}}]},"18":{"type":"branch","line":2,"loc":{"start":{"line":2,"column":0},"end":{"line":2,"column":6}},"locations":[{"start":{"line":2,"column":0},"end":{"line":2,"column":6}}]},"19":{"type":"branch","line":2,"loc":{"start":{"line":2,"column":0},"end":{"line":2,"column":6}},"locations":[{"start":{"line":2,"column":0},"end":{"line":2,"column":6}}]},"20":{"type":"branch","line":2,"loc":{"start":{"line":2,"column":0},"end":{"line":2,"column":6}},"locations":[{"start":{"line":2,"column":0},"end":{"line":2,"column":6}}]},"21":{"type":"branch","line":2,"loc":{"start":{"line":2,"column":0},"end":{"line":2,"column":6}},"locations":[{"start":{"line":2,"column":0},"end":{"line":2,"column":6}}]},"22":{"type":"branch","line":2,"loc":{"start":{"line":2,"column":0},"end":{"line":2,"column":6}},"locations":[{"start":{"line":2,"column":0},"end":{"line":2,"column":6}}]},"23":{"type":"branch","line":2,"loc":{"start":{"line":2,"column":0},"end":{"line":2,"column":6}},"locations":[{"start":{"line":2,"column":0},"end":{"line":2,"column":6}}]},"24":{"type":"branch","line":2,"loc":{"start":{"line":2,"column":0},"end":{"line":2,"column":6}},"locations":[{"start":{"line":2,"column":0},"end":{"line":2,"column":6}}]},"25":{"type":"branch","line":2,"loc":{"start":{"line":2,"column":0},"end":{"line":2,"column":6}},"locations":[{"start":{"line":2,"column":0},"end":{"line":2,"column":6}}]},"26":{"type":"branch","line":2,"loc":{"start":{"line":2,"column":0},"end":{"line":2,"column":6}},"locations":[{"start":{"line":2,"column":0},"end":{"line":2,"column":6}}]},"27":{"type":"branch","line":2,"loc":{"start":{"line":2,"column":0},"end":{"line":2,"column":6}},"locations":[{"start":{"line":2,"column":0},"end":{"line":2,"column":6}}]},"28":{"type":"branch","line":2,"loc":{"start":{"line":2,"column":0},"end":{"line":2,"column":6}},"locations":[{"start":{"line":2,"column":0},"end":{"line":2,"column":6}}]},"29":{"type":"branch","line":2,"loc":{"start":{"line":2,"column":0},"end":{"line":2,"column":6}},"locations":[{"start":{"line":2,"column":0},"end":{"line":2,"column":6}}]},"30":{"type":"branch","line":2,"loc":{"start":{"line":2,"column":0},"end":{"line":2,"column":6}},"locations":[{"start":{"line":2,"column":0},"end":{"line":2,"column":6}}]},"31":{"type":"branch","line":2,"loc":{"start":{"line":2,"column":0},"end":{"line":2,"column":6}},"locations":[{"start":{"line":2,"column":0},"end":{"line":2,"column":6}}]},"32":{"type":"branch","line":2,"loc":{"start":{"line":2,"column":0},"end":{"line":2,"column":6}},"locations":[{"start":{"line":2,"column":0},"end":{"line":2,"column":6}}]},"33":{"type":"branch","line":2,"loc":{"start":{"line":2,"column":0},"end":{"line":2,"column":6}},"locations":[{"start":{"line":2,"column":0},"end":{"line":2,"column":6}}]},"34":{"type":"branch","line":2,"loc":{"start":{"line":2,"column":0},"end":{"line":2,"column":6}},"locations":[{"start":{"line":2,"column":0},"end":{"line":2,"column":6}}]},"35":{"type":"branch","line":2,"loc":{"start":{"line":2,"column":0},"end":{"line":2,"column":6}},"locations":[{"start":{"line":2,"column":0},"end":{"line":2,"column":6}}]},"36":{"type":"branch","line":2,"loc":{"start":{"line":2,"column":0},"end":{"line":2,"column":6}},"locations":[{"start":{"line":2,"column":0},"end":{"line":2,"column":6}}]},"37":{"type":"branch","line":2,"loc":{"start":{"line":2,"column":0},"end":{"line":2,"column":6}},"locations":[{"start":{"line":2,"column":0},"end":{"line":2,"column":6}}]},"38":{"type":"branch","line":2,"loc":{"start":{"line":2,"column":0},"end":{"line":2,"column":6}},"locations":[{"start":{"line":2,"column":0},"end":{"line":2,"column":6}}]},"39":{"type":"branch","line":2,"loc":{"start":{"line":2,"column":0},"end":{"line":2,"column":6}},"locations":[{"start":{"line":2,"column":0},"end":{"line":2,"column":6}}]},"40":{"type":"branch","line":2,"loc":{"start":{"line":2,"column":0},"end":{"line":2,"column":6}},"locations":[{"start":{"line":2,"column":0},"end":{"line":2,"column":6}}]},"41":{"type":"branch","line":2,"loc":{"start":{"line":2,"column":0},"end":{"line":2,"column":6}},"locations":[{"start":{"line":2,"column":0},"end":{"line":2,"column":6}}]},"42":{"type":"branch","line":2,"loc":{"start":{"line":2,"column":0},"end":{"line":2,"column":6}},"locations":[{"start":{"line":2,"column":0},"end":{"line":2,"column":6}}]},"43":{"type":"branch","line":2,"loc":{"start":{"line":2,"column":0},"end":{"line":2,"column":6}},"locations":[{"start":{"line":2,"column":0},"end":{"line":2,"column":6}}]},"44":{"type":"branch","line":2,"loc":{"start":{"line":2,"column":0},"end":{"line":2,"column":6}},"locations":[{"start":{"line":2,"column":0},"end":{"line":2,"column":6}}]},"45":{"type":"branch","line":2,"loc":{"start":{"line":2,"column":0},"end":{"line":2,"column":6}},"locations":[{"start":{"line":2,"column":0},"end":{"line":2,"column":6}}]},"46":{"type":"branch","line":2,"loc":{"start":{"line":2,"column":0},"end":{"line":2,"column":6}},"locations":[{"start":{"line":2,"column":0},"end":{"line":2,"column":6}}]},"47":{"type":"branch","line":2,"loc":{"start":{"line":2,"column":0},"end":{"line":2,"column":6}},"locations":[{"start":{"line":2,"column":0},"end":{"line":2,"column":6}}]},"48":{"type":"branch","line":2,"loc":{"start":{"line":2,"column":0},"end":{"line":2,"column":6}},"locations":[{"start":{"line":2,"column":0},"end":{"line":2,"column":6}}]},"49":{"type":"branch","line":2,"loc":{"start":{"line":2,"column":0},"end":{"line":2,"column":6}},"locations":[{"start":{"line":2,"column":0},"end":{"line":2,"column":6}}]},"50":{"type":"branch","line":2,"loc":{"start":{"line":2,"column":0},"end":{"line":2,"column":6}},"locations":[{"start":{"line":2,"column":0},"end":{"line":2,"column":6}}]},"51":{"type":"branch","line":2,"loc":{"start":{"line":2,"column":0},"end":{"line":2,"column":6}},"locations":[{"start":{"line":2,"column":0},"end":{"line":2,"column":6}}]},"52":{"type":"branch","line":2,"loc":{"start":{"line":2,"column":0},"end":{"line":2,"column":6}},"locations":[{"start":{"line":2,"column":0},"end":{"line":2,"column":6}}]},"53":{"type":"branch","line":2,"loc":{"start":{"line":2,"column":0},"end":{"line":2,"column":6}},"locations":[{"start":{"line":2,"column":0},"end":{"line":2,"column":6}}]},"54":{"type":"branch","line":2,"loc":{"start":{"line":2,"column":0},"end":{"line":2,"column":6}},"locations":[{"start":{"line":2,"column":0},"end":{"line":2,"column":6}}]},"55":{"type":"branch","line":2,"loc":{"start":{"line":2,"column":0},"end":{"line":2,"column":6}},"locations":[{"start":{"line":2,"column":0},"end":{"line":2,"column":6}}]},"56":{"type":"branch","line":2,"loc":{"start":{"line":2,"column":0},"end":{"line":2,"column":6}},"locations":[{"start":{"line":2,"column":0},"end":{"line":2,"column":6}}]},"57":{"type":"branch","line":2,"loc":{"start":{"line":2,"column":0},"end":{"line":2,"column":6}},"locations":[{"start":{"line":2,"column":0},"end":{"line":2,"column":6}}]},"58":{"type":"branch","line":2,"loc":{"start":{"line":2,"column":0},"end":{"line":2,"column":6}},"locations":[{"start":{"line":2,"column":0},"end":{"line":2,"column":6}}]},"59":{"type":"branch","line":2,"loc":{"start":{"line":2,"column":0},"end":{"line":2,"column":6}},"locations":[{"start":{"line":2,"column":0},"end":{"line":2,"column":6}}]},"60":{"type":"branch","line":2,"loc":{"start":{"line":2,"column":0},"end":{"line":2,"column":6}},"locations":[{"start":{"line":2,"column":0},"end":{"line":2,"column":6}}]},"61":{"type":"branch","line":2,"loc":{"start":{"line":2,"column":0},"end":{"line":2,"column":6}},"locations":[{"start":{"line":2,"column":0},"end":{"line":2,"column":6}}]},"62":{"type":"branch","line":2,"loc":{"start":{"line":2,"column":0},"end":{"line":2,"column":6}},"locations":[{"start":{"line":2,"column":0},"end":{"line":2,"column":6}}]},"63":{"type":"branch","line":2,"loc":{"start":{"line":2,"column":0},"end":{"line":2,"column":6}},"locations":[{"start":{"line":2,"column":0},"end":{"line":2,"column":6}}]},"64":{"type":"branch","line":2,"loc":{"start":{"line":2,"column":0},"end":{"line":2,"column":6}},"locations":[{"start":{"line":2,"column":0},"end":{"line":2,"column":6}}]},"65":{"type":"branch","line":2,"loc":{"start":{"line":2,"column":0},"end":{"line":2,"column":6}},"locations":[{"start":{"line":2,"column":0},"end":{"line":2,"column":6}}]},"66":{"type":"branch","line":2,"loc":{"start":{"line":2,"column":0},"end":{"line":2,"column":6}},"locations":[{"start":{"line":2,"column":0},"end":{"line":2,"column":6}}]},"67":{"type":"branch","line":2,"loc":{"start":{"line":2,"column":0},"end":{"line":2,"column":6}},"locations":[{"start":{"line":2,"column":0},"end":{"line":2,"column":6}}]},"68":{"type":"branch","line":51,"loc":{"start":{"line":51,"column":19},"end":{"line":51,"column":22}},"locations":[{"start":{"line":51,"column":19},"end":{"line":51,"column":22}}]},"69":{"type":"branch","line":51,"loc":{"start":{"line":51,"column":22},"end":{"line":91,"column":32}},"locations":[{"start":{"line":51,"column":22},"end":{"line":91,"column":32}}]},"70":{"type":"branch","line":51,"loc":{"start":{"line":51,"column":36},"end":{"line":91,"column":32}},"locations":[{"start":{"line":51,"column":36},"end":{"line":91,"column":32}}]},"71":{"type":"branch","line":51,"loc":{"start":{"line":51,"column":36},"end":{"line":91,"column":32}},"locations":[{"start":{"line":51,"column":36},"end":{"line":91,"column":32}}]},"72":{"type":"branch","line":51,"loc":{"start":{"line":51,"column":36},"end":{"line":62,"column":76}},"locations":[{"start":{"line":51,"column":36},"end":{"line":62,"column":76}}]},"73":{"type":"branch","line":61,"loc":{"start":{"line":61,"column":34},"end":{"line":61,"column":37}},"locations":[{"start":{"line":61,"column":34},"end":{"line":61,"column":37}}]},"74":{"type":"branch","line":61,"loc":{"start":{"line":61,"column":34},"end":{"line":62,"column":76}},"locations":[{"start":{"line":61,"column":34},"end":{"line":62,"column":76}}]},"75":{"type":"branch","line":62,"loc":{"start":{"line":62,"column":75},"end":{"line":65,"column":51}},"locations":[{"start":{"line":62,"column":75},"end":{"line":65,"column":51}}]},"76":{"type":"branch","line":66,"loc":{"start":{"line":66,"column":-2},"end":{"line":77,"column":38}},"locations":[{"start":{"line":66,"column":-2},"end":{"line":77,"column":38}}]},"77":{"type":"branch","line":69,"loc":{"start":{"line":69,"column":25},"end":{"line":69,"column":27}},"locations":[{"start":{"line":69,"column":25},"end":{"line":69,"column":27}}]},"78":{"type":"branch","line":78,"loc":{"start":{"line":78,"column":-2},"end":{"line":83,"column":18}},"locations":[{"start":{"line":78,"column":-2},"end":{"line":83,"column":18}}]},"79":{"type":"branch","line":80,"loc":{"start":{"line":80,"column":37},"end":{"line":80,"column":39}},"locations":[{"start":{"line":80,"column":37},"end":{"line":80,"column":39}}]},"80":{"type":"branch","line":84,"loc":{"start":{"line":84,"column":-2},"end":{"line":85,"column":60}},"locations":[{"start":{"line":84,"column":-2},"end":{"line":85,"column":60}}]},"81":{"type":"branch","line":86,"loc":{"start":{"line":86,"column":-2},"end":{"line":91,"column":32}},"locations":[{"start":{"line":86,"column":-2},"end":{"line":91,"column":32}}]},"82":{"type":"branch","line":99,"loc":{"start":{"line":99,"column":14},"end":{"line":99,"column":17}},"locations":[{"start":{"line":99,"column":14},"end":{"line":99,"column":17}}]},"83":{"type":"branch","line":131,"loc":{"start":{"line":131,"column":16},"end":{"line":131,"column":19}},"locations":[{"start":{"line":131,"column":16},"end":{"line":131,"column":19}}]},"84":{"type":"branch","line":170,"loc":{"start":{"line":170,"column":33},"end":{"line":170,"column":36}},"locations":[{"start":{"line":170,"column":33},"end":{"line":170,"column":36}}]},"85":{"type":"branch","line":192,"loc":{"start":{"line":192,"column":22},"end":{"line":192,"column":25}},"locations":[{"start":{"line":192,"column":22},"end":{"line":192,"column":25}}]},"86":{"type":"branch","line":213,"loc":{"start":{"line":213,"column":19},"end":{"line":213,"column":22}},"locations":[{"start":{"line":213,"column":19},"end":{"line":213,"column":22}}]},"87":{"type":"branch","line":247,"loc":{"start":{"line":247,"column":22},"end":{"line":247,"column":25}},"locations":[{"start":{"line":247,"column":22},"end":{"line":247,"column":25}}]},"88":{"type":"branch","line":287,"loc":{"start":{"line":287,"column":14},"end":{"line":287,"column":17}},"locations":[{"start":{"line":287,"column":14},"end":{"line":287,"column":17}}]},"89":{"type":"branch","line":312,"loc":{"start":{"line":312,"column":16},"end":{"line":312,"column":19}},"locations":[{"start":{"line":312,"column":16},"end":{"line":312,"column":19}}]},"90":{"type":"branch","line":344,"loc":{"start":{"line":344,"column":17},"end":{"line":344,"column":19}},"locations":[{"start":{"line":344,"column":17},"end":{"line":344,"column":19}}]},"91":{"type":"branch","line":375,"loc":{"start":{"line":375,"column":19},"end":{"line":375,"column":22}},"locations":[{"start":{"line":375,"column":19},"end":{"line":375,"column":22}}]},"92":{"type":"branch","line":406,"loc":{"start":{"line":406,"column":20},"end":{"line":406,"column":22}},"locations":[{"start":{"line":406,"column":20},"end":{"line":406,"column":22}}]},"93":{"type":"branch","line":433,"loc":{"start":{"line":433,"column":22},"end":{"line":433,"column":25}},"locations":[{"start":{"line":433,"column":22},"end":{"line":433,"column":25}}]},"94":{"type":"branch","line":464,"loc":{"start":{"line":464,"column":19},"end":{"line":464,"column":22}},"locations":[{"start":{"line":464,"column":19},"end":{"line":464,"column":22}}]},"95":{"type":"branch","line":464,"loc":{"start":{"line":464,"column":22},"end":{"line":497,"column":32}},"locations":[{"start":{"line":464,"column":22},"end":{"line":497,"column":32}}]},"96":{"type":"branch","line":464,"loc":{"start":{"line":464,"column":36},"end":{"line":497,"column":32}},"locations":[{"start":{"line":464,"column":36},"end":{"line":497,"column":32}}]},"97":{"type":"branch","line":464,"loc":{"start":{"line":464,"column":36},"end":{"line":497,"column":32}},"locations":[{"start":{"line":464,"column":36},"end":{"line":497,"column":32}}]},"98":{"type":"branch","line":464,"loc":{"start":{"line":464,"column":36},"end":{"line":471,"column":76}},"locations":[{"start":{"line":464,"column":36},"end":{"line":471,"column":76}}]},"99":{"type":"branch","line":470,"loc":{"start":{"line":470,"column":34},"end":{"line":471,"column":76}},"locations":[{"start":{"line":470,"column":34},"end":{"line":471,"column":76}}]},"100":{"type":"branch","line":471,"loc":{"start":{"line":471,"column":75},"end":{"line":475,"column":51}},"locations":[{"start":{"line":471,"column":75},"end":{"line":475,"column":51}}]},"101":{"type":"branch","line":476,"loc":{"start":{"line":476,"column":-2},"end":{"line":483,"column":41}},"locations":[{"start":{"line":476,"column":-2},"end":{"line":483,"column":41}}]},"102":{"type":"branch","line":477,"loc":{"start":{"line":477,"column":25},"end":{"line":477,"column":27}},"locations":[{"start":{"line":477,"column":25},"end":{"line":477,"column":27}}]},"103":{"type":"branch","line":484,"loc":{"start":{"line":484,"column":-2},"end":{"line":489,"column":18}},"locations":[{"start":{"line":484,"column":-2},"end":{"line":489,"column":18}}]},"104":{"type":"branch","line":486,"loc":{"start":{"line":486,"column":37},"end":{"line":486,"column":39}},"locations":[{"start":{"line":486,"column":37},"end":{"line":486,"column":39}}]},"105":{"type":"branch","line":490,"loc":{"start":{"line":490,"column":-2},"end":{"line":491,"column":63}},"locations":[{"start":{"line":490,"column":-2},"end":{"line":491,"column":63}}]},"106":{"type":"branch","line":492,"loc":{"start":{"line":492,"column":-2},"end":{"line":497,"column":32}},"locations":[{"start":{"line":492,"column":-2},"end":{"line":497,"column":32}}]},"107":{"type":"branch","line":502,"loc":{"start":{"line":502,"column":22},"end":{"line":502,"column":25}},"locations":[{"start":{"line":502,"column":22},"end":{"line":502,"column":25}}]},"108":{"type":"branch","line":502,"loc":{"start":{"line":502,"column":25},"end":{"line":533,"column":35}},"locations":[{"start":{"line":502,"column":25},"end":{"line":533,"column":35}}]},"109":{"type":"branch","line":502,"loc":{"start":{"line":502,"column":40},"end":{"line":533,"column":35}},"locations":[{"start":{"line":502,"column":40},"end":{"line":533,"column":35}}]},"110":{"type":"branch","line":502,"loc":{"start":{"line":502,"column":40},"end":{"line":533,"column":35}},"locations":[{"start":{"line":502,"column":40},"end":{"line":533,"column":35}}]},"111":{"type":"branch","line":502,"loc":{"start":{"line":502,"column":40},"end":{"line":511,"column":76}},"locations":[{"start":{"line":502,"column":40},"end":{"line":511,"column":76}}]},"112":{"type":"branch","line":510,"loc":{"start":{"line":510,"column":34},"end":{"line":511,"column":76}},"locations":[{"start":{"line":510,"column":34},"end":{"line":511,"column":76}}]},"113":{"type":"branch","line":511,"loc":{"start":{"line":511,"column":75},"end":{"line":514,"column":52}},"locations":[{"start":{"line":511,"column":75},"end":{"line":514,"column":52}}]},"114":{"type":"branch","line":514,"loc":{"start":{"line":514,"column":51},"end":{"line":522,"column":49}},"locations":[{"start":{"line":514,"column":51},"end":{"line":522,"column":49}}]},"115":{"type":"branch","line":516,"loc":{"start":{"line":516,"column":26},"end":{"line":516,"column":29}},"locations":[{"start":{"line":516,"column":26},"end":{"line":516,"column":29}}]},"116":{"type":"branch","line":522,"loc":{"start":{"line":522,"column":48},"end":{"line":527,"column":19}},"locations":[{"start":{"line":522,"column":48},"end":{"line":527,"column":19}}]},"117":{"type":"branch","line":524,"loc":{"start":{"line":524,"column":40},"end":{"line":524,"column":43}},"locations":[{"start":{"line":524,"column":40},"end":{"line":524,"column":43}}]},"118":{"type":"branch","line":527,"loc":{"start":{"line":527,"column":18},"end":{"line":529,"column":69}},"locations":[{"start":{"line":527,"column":18},"end":{"line":529,"column":69}}]},"119":{"type":"branch","line":529,"loc":{"start":{"line":529,"column":68},"end":{"line":529,"column":69}},"locations":[{"start":{"line":529,"column":68},"end":{"line":529,"column":69}}]},"120":{"type":"branch","line":529,"loc":{"start":{"line":529,"column":68},"end":{"line":533,"column":35}},"locations":[{"start":{"line":529,"column":68},"end":{"line":533,"column":35}}]},"121":{"type":"branch","line":533,"loc":{"start":{"line":533,"column":34},"end":{"line":533,"column":35}},"locations":[{"start":{"line":533,"column":34},"end":{"line":533,"column":35}}]},"122":{"type":"branch","line":533,"loc":{"start":{"line":533,"column":34},"end":{"line":533,"column":35}},"locations":[{"start":{"line":533,"column":34},"end":{"line":533,"column":35}}]},"123":{"type":"branch","line":538,"loc":{"start":{"line":538,"column":20},"end":{"line":538,"column":23}},"locations":[{"start":{"line":538,"column":20},"end":{"line":538,"column":23}}]}},"b":{"0":[1],"1":[0],"2":[0],"3":[0],"4":[0],"5":[0],"6":[0],"7":[20],"8":[13],"9":[5],"10":[0],"11":[0],"12":[16],"13":[0],"14":[2],"15":[6],"16":[11],"17":[5],"18":[11],"19":[0],"20":[0],"21":[16],"22":[0],"23":[11],"24":[5],"25":[0],"26":[5],"27":[11],"28":[5],"29":[11],"30":[0],"31":[5],"32":[0],"33":[10],"34":[5],"35":[1],"36":[0],"37":[0],"38":[0],"39":[16],"40":[0],"41":[5],"42":[0],"43":[5],"44":[0],"45":[10],"46":[20],"47":[10],"48":[0],"49":[0],"50":[0],"51":[0],"52":[0],"53":[0],"54":[0],"55":[0],"56":[10],"57":[0],"58":[0],"59":[0],"60":[11],"61":[0],"62":[5],"63":[6],"64":[16],"65":[5],"66":[5],"67":[11],"68":[1],"69":[3],"70":[8],"71":[9],"72":[3],"73":[1],"74":[2],"75":[1],"76":[1],"77":[0],"78":[1],"79":[0],"80":[0],"81":[0],"82":[1],"83":[1],"84":[1],"85":[1],"86":[1],"87":[1],"88":[1],"89":[1],"90":[1],"91":[1],"92":[1],"93":[1],"94":[1],"95":[1],"96":[4],"97":[5],"98":[1],"99":[0],"100":[1],"101":[1],"102":[0],"103":[1],"104":[0],"105":[0],"106":[0],"107":[1],"108":[1],"109":[4],"110":[5],"111":[1],"112":[0],"113":[1],"114":[1],"115":[0],"116":[1],"117":[0],"118":[0],"119":[0],"120":[0],"121":[0],"122":[1],"123":[1]},"fnMap":{"0":{"name":"_regeneratorRuntime","decl":{"start":{"line":2,"column":0},"end":{"line":2,"column":6}},"loc":{"start":{"line":2,"column":0},"end":{"line":2,"column":6}},"line":2},"1":{"name":"_regeneratorRuntime","decl":{"start":{"line":2,"column":0},"end":{"line":2,"column":6}},"loc":{"start":{"line":2,"column":0},"end":{"line":2,"column":6}},"line":2},"2":{"name":"o","decl":{"start":{"line":2,"column":0},"end":{"line":2,"column":6}},"loc":{"start":{"line":2,"column":0},"end":{"line":2,"column":6}},"line":2},"3":{"name":"define","decl":{"start":{"line":2,"column":0},"end":{"line":2,"column":6}},"loc":{"start":{"line":2,"column":0},"end":{"line":2,"column":6}},"line":2},"4":{"name":"define","decl":{"start":{"line":2,"column":0},"end":{"line":2,"column":6}},"loc":{"start":{"line":2,"column":0},"end":{"line":2,"column":6}},"line":2},"5":{"name":"wrap","decl":{"start":{"line":2,"column":0},"end":{"line":2,"column":6}},"loc":{"start":{"line":2,"column":0},"end":{"line":2,"column":6}},"line":2},"6":{"name":"tryCatch","decl":{"start":{"line":2,"column":0},"end":{"line":2,"column":6}},"loc":{"start":{"line":2,"column":0},"end":{"line":2,"column":6}},"line":2},"7":{"name":"Generator","decl":{"start":{"line":2,"column":0},"end":{"line":2,"column":6}},"loc":{"start":{"line":2,"column":0},"end":{"line":2,"column":6}},"line":2},"8":{"name":"GeneratorFunction","decl":{"start":{"line":2,"column":0},"end":{"line":2,"column":6}},"loc":{"start":{"line":2,"column":0},"end":{"line":2,"column":6}},"line":2},"9":{"name":"GeneratorFunctionPrototype","decl":{"start":{"line":2,"column":0},"end":{"line":2,"column":6}},"loc":{"start":{"line":2,"column":0},"end":{"line":2,"column":6}},"line":2},"10":{"name":"defineIteratorMethods","decl":{"start":{"line":2,"column":0},"end":{"line":2,"column":6}},"loc":{"start":{"line":2,"column":0},"end":{"line":2,"column":6}},"line":2},"11":{"name":"AsyncIterator","decl":{"start":{"line":2,"column":0},"end":{"line":2,"column":6}},"loc":{"start":{"line":2,"column":0},"end":{"line":2,"column":6}},"line":2},"12":{"name":"makeInvokeMethod","decl":{"start":{"line":2,"column":0},"end":{"line":2,"column":6}},"loc":{"start":{"line":2,"column":0},"end":{"line":2,"column":6}},"line":2},"13":{"name":"maybeInvokeDelegate","decl":{"start":{"line":2,"column":0},"end":{"line":2,"column":6}},"loc":{"start":{"line":2,"column":0},"end":{"line":2,"column":6}},"line":2},"14":{"name":"pushTryEntry","decl":{"start":{"line":2,"column":0},"end":{"line":2,"column":6}},"loc":{"start":{"line":2,"column":0},"end":{"line":2,"column":6}},"line":2},"15":{"name":"resetTryEntry","decl":{"start":{"line":2,"column":0},"end":{"line":2,"column":6}},"loc":{"start":{"line":2,"column":0},"end":{"line":2,"column":6}},"line":2},"16":{"name":"Context","decl":{"start":{"line":2,"column":0},"end":{"line":2,"column":6}},"loc":{"start":{"line":2,"column":0},"end":{"line":2,"column":6}},"line":2},"17":{"name":"values","decl":{"start":{"line":2,"column":0},"end":{"line":2,"column":6}},"loc":{"start":{"line":2,"column":0},"end":{"line":2,"column":6}},"line":2},"18":{"name":"next","decl":{"start":{"line":2,"column":0},"end":{"line":2,"column":6}},"loc":{"start":{"line":2,"column":0},"end":{"line":2,"column":6}},"line":2},"19":{"name":"e.isGeneratorFunction","decl":{"start":{"line":2,"column":0},"end":{"line":2,"column":6}},"loc":{"start":{"line":2,"column":0},"end":{"line":2,"column":6}},"line":2},"20":{"name":"e.mark","decl":{"start":{"line":2,"column":0},"end":{"line":2,"column":6}},"loc":{"start":{"line":2,"column":0},"end":{"line":2,"column":6}},"line":2},"21":{"name":"e.awrap","decl":{"start":{"line":2,"column":0},"end":{"line":2,"column":6}},"loc":{"start":{"line":2,"column":0},"end":{"line":2,"column":6}},"line":2},"22":{"name":"e.async","decl":{"start":{"line":2,"column":0},"end":{"line":2,"column":6}},"loc":{"start":{"line":2,"column":0},"end":{"line":2,"column":6}},"line":2},"23":{"name":"e.keys","decl":{"start":{"line":2,"column":0},"end":{"line":2,"column":6}},"loc":{"start":{"line":2,"column":0},"end":{"line":2,"column":6}},"line":2},"24":{"name":"reset","decl":{"start":{"line":2,"column":0},"end":{"line":2,"column":6}},"loc":{"start":{"line":2,"column":0},"end":{"line":2,"column":6}},"line":2},"25":{"name":"stop","decl":{"start":{"line":2,"column":0},"end":{"line":2,"column":6}},"loc":{"start":{"line":2,"column":0},"end":{"line":2,"column":6}},"line":2},"26":{"name":"dispatchException","decl":{"start":{"line":2,"column":0},"end":{"line":2,"column":6}},"loc":{"start":{"line":2,"column":0},"end":{"line":2,"column":6}},"line":2},"27":{"name":"abrupt","decl":{"start":{"line":2,"column":0},"end":{"line":2,"column":6}},"loc":{"start":{"line":2,"column":0},"end":{"line":2,"column":6}},"line":2},"28":{"name":"complete","decl":{"start":{"line":2,"column":0},"end":{"line":2,"column":6}},"loc":{"start":{"line":2,"column":0},"end":{"line":2,"column":6}},"line":2},"29":{"name":"finish","decl":{"start":{"line":2,"column":0},"end":{"line":2,"column":6}},"loc":{"start":{"line":2,"column":0},"end":{"line":2,"column":6}},"line":2},"30":{"name":"_catch","decl":{"start":{"line":2,"column":0},"end":{"line":2,"column":6}},"loc":{"start":{"line":2,"column":0},"end":{"line":2,"column":6}},"line":2},"31":{"name":"delegateYield","decl":{"start":{"line":2,"column":0},"end":{"line":2,"column":6}},"loc":{"start":{"line":2,"column":0},"end":{"line":2,"column":6}},"line":2},"32":{"name":"asyncGeneratorStep","decl":{"start":{"line":2,"column":0},"end":{"line":2,"column":6}},"loc":{"start":{"line":2,"column":0},"end":{"line":2,"column":6}},"line":2},"33":{"name":"_asyncToGenerator","decl":{"start":{"line":2,"column":0},"end":{"line":2,"column":6}},"loc":{"start":{"line":2,"column":0},"end":{"line":2,"column":6}},"line":2},"34":{"name":"_next","decl":{"start":{"line":2,"column":0},"end":{"line":2,"column":6}},"loc":{"start":{"line":2,"column":0},"end":{"line":2,"column":6}},"line":2},"35":{"name":"_throw","decl":{"start":{"line":2,"column":0},"end":{"line":2,"column":6}},"loc":{"start":{"line":2,"column":0},"end":{"line":2,"column":6}},"line":2},"36":{"name":"_callee","decl":{"start":{"line":51,"column":22},"end":{"line":91,"column":32}},"loc":{"start":{"line":51,"column":22},"end":{"line":91,"column":32}},"line":51},"37":{"name":"_callee$","decl":{"start":{"line":51,"column":36},"end":{"line":91,"column":32}},"loc":{"start":{"line":51,"column":36},"end":{"line":91,"column":32}},"line":51},"38":{"name":"_callee2","decl":{"start":{"line":99,"column":17},"end":{"line":125,"column":32}},"loc":{"start":{"line":99,"column":17},"end":{"line":125,"column":32}},"line":99},"39":{"name":"_callee3","decl":{"start":{"line":131,"column":19},"end":{"line":160,"column":39}},"loc":{"start":{"line":131,"column":19},"end":{"line":160,"column":39}},"line":131},"40":{"name":"_callee4","decl":{"start":{"line":170,"column":36},"end":{"line":186,"column":32}},"loc":{"start":{"line":170,"column":36},"end":{"line":186,"column":32}},"line":170},"41":{"name":"_callee5","decl":{"start":{"line":192,"column":25},"end":{"line":208,"column":32}},"loc":{"start":{"line":192,"column":25},"end":{"line":208,"column":32}},"line":192},"42":{"name":"_callee6","decl":{"start":{"line":213,"column":22},"end":{"line":238,"column":32}},"loc":{"start":{"line":213,"column":22},"end":{"line":238,"column":32}},"line":213},"43":{"name":"_callee7","decl":{"start":{"line":247,"column":25},"end":{"line":270,"column":35}},"loc":{"start":{"line":247,"column":25},"end":{"line":270,"column":35}},"line":247},"44":{"name":"_callee8","decl":{"start":{"line":287,"column":17},"end":{"line":307,"column":48}},"loc":{"start":{"line":287,"column":17},"end":{"line":307,"column":48}},"line":287},"45":{"name":"_callee9","decl":{"start":{"line":312,"column":19},"end":{"line":337,"column":32}},"loc":{"start":{"line":312,"column":19},"end":{"line":337,"column":32}},"line":312},"46":{"name":"_callee10","decl":{"start":{"line":344,"column":19},"end":{"line":364,"column":46}},"loc":{"start":{"line":344,"column":19},"end":{"line":364,"column":46}},"line":344},"47":{"name":"_callee11","decl":{"start":{"line":375,"column":22},"end":{"line":401,"column":32}},"loc":{"start":{"line":375,"column":22},"end":{"line":401,"column":32}},"line":375},"48":{"name":"_callee12","decl":{"start":{"line":406,"column":22},"end":{"line":426,"column":46}},"loc":{"start":{"line":406,"column":22},"end":{"line":426,"column":46}},"line":406},"49":{"name":"_callee13","decl":{"start":{"line":433,"column":25},"end":{"line":458,"column":32}},"loc":{"start":{"line":433,"column":25},"end":{"line":458,"column":32}},"line":433},"50":{"name":"_callee14","decl":{"start":{"line":464,"column":22},"end":{"line":497,"column":32}},"loc":{"start":{"line":464,"column":22},"end":{"line":497,"column":32}},"line":464},"51":{"name":"_callee14$","decl":{"start":{"line":464,"column":36},"end":{"line":497,"column":32}},"loc":{"start":{"line":464,"column":36},"end":{"line":497,"column":32}},"line":464},"52":{"name":"_callee15","decl":{"start":{"line":502,"column":25},"end":{"line":533,"column":35}},"loc":{"start":{"line":502,"column":25},"end":{"line":533,"column":35}},"line":502},"53":{"name":"_callee15$","decl":{"start":{"line":502,"column":40},"end":{"line":533,"column":35}},"loc":{"start":{"line":502,"column":40},"end":{"line":533,"column":35}},"line":502},"54":{"name":"_callee16","decl":{"start":{"line":538,"column":23},"end":{"line":579,"column":35}},"loc":{"start":{"line":538,"column":23},"end":{"line":579,"column":35}},"line":538}},"f":{"0":1,"1":20,"2":0,"3":13,"4":0,"5":5,"6":16,"7":0,"8":0,"9":0,"10":2,"11":0,"12":5,"13":0,"14":5,"15":10,"16":5,"17":1,"18":0,"19":0,"20":16,"21":0,"22":0,"23":0,"24":5,"25":5,"26":0,"27":10,"28":10,"29":0,"30":0,"31":0,"32":11,"33":16,"34":11,"35":0,"36":3,"37":8,"38":0,"39":0,"40":0,"41":0,"42":0,"43":0,"44":0,"45":0,"46":0,"47":0,"48":0,"49":0,"50":1,"51":4,"52":1,"53":4,"54":0}}
}
